2019-05-14 14:56:25.700  INFO 15896 --- [main] com.auth.api.OAuth2LoginApp              : No active profile set, falling back to default profiles: default
2019-05-14 14:56:27.724  INFO 15896 --- [main] .s.d.r.c.RepositoryConfigurationDelegate : Bootstrapping Spring Data repositories in DEFAULT mode.
2019-05-14 14:56:27.870  INFO 15896 --- [main] .s.d.r.c.RepositoryConfigurationDelegate : Finished Spring Data repository scanning in 135ms. Found 1 repository interfaces.
2019-05-14 14:56:28.266  INFO 15896 --- [main] o.s.cloud.context.scope.GenericScope     : BeanFactory id=36c2e873-f0c2-3784-b49e-35e1931fa610
2019-05-14 14:56:28.435  INFO 15896 --- [main] trationDelegate$BeanPostProcessorChecker : Bean 'org.springframework.transaction.annotation.ProxyTransactionManagementConfiguration' of type [org.springframework.transaction.annotation.ProxyTransactionManagementConfiguration$$EnhancerBySpringCGLIB$$ff61cd29] is not eligible for getting processed by all BeanPostProcessors (for example: not eligible for auto-proxying)
2019-05-14 14:56:28.482  INFO 15896 --- [main] trationDelegate$BeanPostProcessorChecker : Bean 'org.springframework.security.config.annotation.configuration.ObjectPostProcessorConfiguration' of type [org.springframework.security.config.annotation.configuration.ObjectPostProcessorConfiguration$$EnhancerBySpringCGLIB$$980f9563] is not eligible for getting processed by all BeanPostProcessors (for example: not eligible for auto-proxying)
2019-05-14 14:56:28.494  INFO 15896 --- [main] trationDelegate$BeanPostProcessorChecker : Bean 'objectPostProcessor' of type [org.springframework.security.config.annotation.configuration.AutowireBeanFactoryObjectPostProcessor] is not eligible for getting processed by all BeanPostProcessors (for example: not eligible for auto-proxying)
2019-05-14 14:56:28.502  INFO 15896 --- [main] trationDelegate$BeanPostProcessorChecker : Bean 'org.springframework.security.access.expression.method.DefaultMethodSecurityExpressionHandler@3d90eeb3' of type [org.springframework.security.oauth2.provider.expression.OAuth2MethodSecurityExpressionHandler] is not eligible for getting processed by all BeanPostProcessors (for example: not eligible for auto-proxying)
2019-05-14 14:56:28.503  INFO 15896 --- [main] trationDelegate$BeanPostProcessorChecker : Bean 'org.springframework.security.config.annotation.method.configuration.GlobalMethodSecurityConfiguration' of type [org.springframework.security.config.annotation.method.configuration.GlobalMethodSecurityConfiguration$$EnhancerBySpringCGLIB$$bce43815] is not eligible for getting processed by all BeanPostProcessors (for example: not eligible for auto-proxying)
2019-05-14 14:56:28.511  INFO 15896 --- [main] trationDelegate$BeanPostProcessorChecker : Bean 'methodSecurityMetadataSource' of type [org.springframework.security.access.method.DelegatingMethodSecurityMetadataSource] is not eligible for getting processed by all BeanPostProcessors (for example: not eligible for auto-proxying)
2019-05-14 14:56:28.540  INFO 15896 --- [main] trationDelegate$BeanPostProcessorChecker : Bean 'org.springframework.cloud.autoconfigure.ConfigurationPropertiesRebinderAutoConfiguration' of type [org.springframework.cloud.autoconfigure.ConfigurationPropertiesRebinderAutoConfiguration$$EnhancerBySpringCGLIB$$1b7bd026] is not eligible for getting processed by all BeanPostProcessors (for example: not eligible for auto-proxying)
2019-05-14 14:56:30.380  INFO 15896 --- [main] o.s.b.w.embedded.tomcat.TomcatWebServer  : Tomcat initialized with port(s): 9003 (http)
2019-05-14 14:56:30.418  INFO 15896 --- [main] o.apache.catalina.core.StandardService   : Starting service [Tomcat]
2019-05-14 14:56:30.420  INFO 15896 --- [main] org.apache.catalina.core.StandardEngine  : Starting Servlet engine: [Apache Tomcat/9.0.17]
2019-05-14 14:56:32.584  INFO 15896 --- [main] o.a.c.c.C.[Tomcat].[localhost].[/]       : Initializing Spring embedded WebApplicationContext
2019-05-14 14:56:32.586  INFO 15896 --- [main] o.s.web.context.ContextLoader            : Root WebApplicationContext: initialization completed in 6862 ms
2019-05-14 14:56:33.433  INFO 15896 --- [main] com.auth.api.config.SwaggerConfig        : Swagger initialization complete!
2019-05-14 14:56:33.675  INFO 15896 --- [main] com.zaxxer.hikari.HikariDataSource       : HikariPool-1 - Starting...
2019-05-14 14:56:33.880  INFO 15896 --- [main] com.zaxxer.hikari.HikariDataSource       : HikariPool-1 - Start completed.
2019-05-14 14:56:33.967  INFO 15896 --- [main] o.hibernate.jpa.internal.util.LogHelper  : HHH000204: Processing PersistenceUnitInfo [
	name: default
	...]
2019-05-14 14:56:34.120  INFO 15896 --- [main] org.hibernate.Version                    : HHH000412: Hibernate Core {5.3.9.Final}
2019-05-14 14:56:34.125  INFO 15896 --- [main] org.hibernate.cfg.Environment            : HHH000206: hibernate.properties not found
2019-05-14 14:56:34.337  INFO 15896 --- [main] o.hibernate.annotations.common.Version   : HCANN000001: Hibernate Commons Annotations {5.0.4.Final}
2019-05-14 14:56:34.578  INFO 15896 --- [main] org.hibernate.dialect.Dialect            : HHH000400: Using dialect: org.hibernate.dialect.MySQL5Dialect
2019-05-14 14:56:35.748  INFO 15896 --- [main] j.LocalContainerEntityManagerFactoryBean : Initialized JPA EntityManagerFactory for persistence unit 'default'
2019-05-14 14:56:37.118  INFO 15896 --- [main] o.s.b.a.e.web.EndpointLinksResolver      : Exposing 2 endpoint(s) beneath base path '/actuator'
2019-05-14 14:56:37.838  INFO 15896 --- [main] o.s.s.web.DefaultSecurityFilterChain     : Creating filter chain: OrRequestMatcher [requestMatchers=[Ant [pattern='/oauth/token'], Ant [pattern='/oauth/token_key'], Ant [pattern='/oauth/check_token']]], [org.springframework.security.web.context.request.async.WebAsyncManagerIntegrationFilter@4eec5fa6, org.springframework.security.web.context.SecurityContextPersistenceFilter@49741274, org.springframework.security.web.header.HeaderWriterFilter@36f40d72, org.springframework.security.web.authentication.logout.LogoutFilter@4b9b5da5, org.springframework.security.web.authentication.www.BasicAuthenticationFilter@44dcc0e4, org.springframework.security.web.savedrequest.RequestCacheAwareFilter@3e5b2630, org.springframework.security.web.servletapi.SecurityContextHolderAwareRequestFilter@6f6a2ac8, org.springframework.security.web.authentication.AnonymousAuthenticationFilter@21579b35, org.springframework.security.web.session.SessionManagementFilter@6963b0bd, org.springframework.security.web.access.ExceptionTranslationFilter@214e3185, org.springframework.security.web.access.intercept.FilterSecurityInterceptor@2dbcee03]
2019-05-14 14:56:37.855  INFO 15896 --- [main] o.s.s.web.DefaultSecurityFilterChain     : Creating filter chain: org.springframework.security.oauth2.config.annotation.web.configuration.ResourceServerConfiguration$NotOAuthRequestMatcher@121dac1a, [org.springframework.security.web.context.request.async.WebAsyncManagerIntegrationFilter@6d946eee, org.springframework.security.web.context.SecurityContextPersistenceFilter@2336d3f, org.springframework.security.web.header.HeaderWriterFilter@3703a400, org.springframework.security.web.authentication.logout.LogoutFilter@750457a5, org.springframework.security.oauth2.provider.authentication.OAuth2AuthenticationProcessingFilter@2a0ce342, org.springframework.security.web.savedrequest.RequestCacheAwareFilter@7f5ecada, org.springframework.security.web.servletapi.SecurityContextHolderAwareRequestFilter@55574295, org.springframework.security.web.authentication.AnonymousAuthenticationFilter@23dc70c1, org.springframework.security.web.session.SessionManagementFilter@22105c76, org.springframework.security.web.access.ExceptionTranslationFilter@1dac0784, org.springframework.security.web.access.intercept.FilterSecurityInterceptor@5a654e05]
2019-05-14 14:56:37.867  INFO 15896 --- [main] o.s.s.web.DefaultSecurityFilterChain     : Creating filter chain: any request, [org.springframework.security.web.context.request.async.WebAsyncManagerIntegrationFilter@a5d23c9, org.springframework.security.web.context.SecurityContextPersistenceFilter@270097ce, org.springframework.security.web.header.HeaderWriterFilter@1842dc39, org.springframework.web.filter.CorsFilter@795131d6, org.springframework.security.web.csrf.CsrfFilter@1ee6434, org.springframework.security.web.authentication.logout.LogoutFilter@125124ea, org.springframework.security.web.authentication.www.BasicAuthenticationFilter@7146c6ea, org.springframework.security.web.savedrequest.RequestCacheAwareFilter@8b1170f, org.springframework.security.web.servletapi.SecurityContextHolderAwareRequestFilter@69cb134, org.springframework.security.web.authentication.AnonymousAuthenticationFilter@7d7a8d23, org.springframework.security.web.session.SessionManagementFilter@6a7fc4c1, org.springframework.security.web.access.ExceptionTranslationFilter@550f522b, org.springframework.security.web.access.intercept.FilterSecurityInterceptor@480994d3]
2019-05-14 14:56:38.442  INFO 15896 --- [main] d.s.w.p.DocumentationPluginsBootstrapper : Context refreshed
2019-05-14 14:56:38.467  INFO 15896 --- [main] d.s.w.p.DocumentationPluginsBootstrapper : Found 2 custom documentation plugin(s)
2019-05-14 14:56:38.481  INFO 15896 --- [main] s.d.s.w.s.ApiListingReferenceScanner     : Scanning for api listing references
2019-05-14 14:56:38.501  INFO 15896 --- [main] s.d.s.w.s.ApiListingReferenceScanner     : Scanning for api listing references
2019-05-14 14:56:38.714  INFO 15896 --- [main] o.s.b.w.embedded.tomcat.TomcatWebServer  : Tomcat started on port(s): 9003 (http) with context path ''
2019-05-14 14:56:38.717  INFO 15896 --- [main] com.auth.api.OAuth2LoginApp              : Started OAuth2LoginApp in 15.205 seconds (JVM running for 29.042)
2019-05-14 15:06:47.176  INFO 15896 --- [RMI TCP Connection(21)-127.0.0.1] inMXBeanRegistrar$SpringApplicationAdmin : Application shutdown requested.
2019-05-14 15:06:47.191  INFO 15896 --- [RMI TCP Connection(21)-127.0.0.1] j.LocalContainerEntityManagerFactoryBean : Closing JPA EntityManagerFactory for persistence unit 'default'
2019-05-14 15:06:47.198  INFO 15896 --- [RMI TCP Connection(21)-127.0.0.1] com.zaxxer.hikari.HikariDataSource       : HikariPool-1 - Shutdown initiated...
2019-05-14 15:06:47.210  INFO 15896 --- [RMI TCP Connection(21)-127.0.0.1] com.zaxxer.hikari.HikariDataSource       : HikariPool-1 - Shutdown completed.
2019-05-14 15:06:47.398  INFO 15896 --- [RMI TCP Connection(21)-127.0.0.1] o.apache.catalina.core.StandardService   : Stopping service [Tomcat]
2019-05-14 16:48:23.355  INFO 4592 --- [main] com.auth.api.OAuth2LoginApp              : No active profile set, falling back to default profiles: default
2019-05-14 16:48:25.544  INFO 4592 --- [main] .s.d.r.c.RepositoryConfigurationDelegate : Bootstrapping Spring Data repositories in DEFAULT mode.
2019-05-14 16:48:25.824  INFO 4592 --- [main] .s.d.r.c.RepositoryConfigurationDelegate : Finished Spring Data repository scanning in 254ms. Found 1 repository interfaces.
2019-05-14 16:48:26.307  INFO 4592 --- [main] o.s.cloud.context.scope.GenericScope     : BeanFactory id=84c4c7ad-44e5-3453-8ed8-e5014582bf7b
2019-05-14 16:48:26.673  INFO 4592 --- [main] trationDelegate$BeanPostProcessorChecker : Bean 'org.springframework.transaction.annotation.ProxyTransactionManagementConfiguration' of type [org.springframework.transaction.annotation.ProxyTransactionManagementConfiguration$$EnhancerBySpringCGLIB$$a37923d6] is not eligible for getting processed by all BeanPostProcessors (for example: not eligible for auto-proxying)
2019-05-14 16:48:26.768  INFO 4592 --- [main] trationDelegate$BeanPostProcessorChecker : Bean 'org.springframework.security.config.annotation.configuration.ObjectPostProcessorConfiguration' of type [org.springframework.security.config.annotation.configuration.ObjectPostProcessorConfiguration$$EnhancerBySpringCGLIB$$3c26ec10] is not eligible for getting processed by all BeanPostProcessors (for example: not eligible for auto-proxying)
2019-05-14 16:48:26.780  INFO 4592 --- [main] trationDelegate$BeanPostProcessorChecker : Bean 'objectPostProcessor' of type [org.springframework.security.config.annotation.configuration.AutowireBeanFactoryObjectPostProcessor] is not eligible for getting processed by all BeanPostProcessors (for example: not eligible for auto-proxying)
2019-05-14 16:48:26.790  INFO 4592 --- [main] trationDelegate$BeanPostProcessorChecker : Bean 'org.springframework.security.access.expression.method.DefaultMethodSecurityExpressionHandler@2e26173' of type [org.springframework.security.oauth2.provider.expression.OAuth2MethodSecurityExpressionHandler] is not eligible for getting processed by all BeanPostProcessors (for example: not eligible for auto-proxying)
2019-05-14 16:48:26.795  INFO 4592 --- [main] trationDelegate$BeanPostProcessorChecker : Bean 'org.springframework.security.config.annotation.method.configuration.GlobalMethodSecurityConfiguration' of type [org.springframework.security.config.annotation.method.configuration.GlobalMethodSecurityConfiguration$$EnhancerBySpringCGLIB$$60fb8ec2] is not eligible for getting processed by all BeanPostProcessors (for example: not eligible for auto-proxying)
2019-05-14 16:48:26.801  INFO 4592 --- [main] trationDelegate$BeanPostProcessorChecker : Bean 'methodSecurityMetadataSource' of type [org.springframework.security.access.method.DelegatingMethodSecurityMetadataSource] is not eligible for getting processed by all BeanPostProcessors (for example: not eligible for auto-proxying)
2019-05-14 16:48:26.834  INFO 4592 --- [main] trationDelegate$BeanPostProcessorChecker : Bean 'org.springframework.cloud.autoconfigure.ConfigurationPropertiesRebinderAutoConfiguration' of type [org.springframework.cloud.autoconfigure.ConfigurationPropertiesRebinderAutoConfiguration$$EnhancerBySpringCGLIB$$bf9326d3] is not eligible for getting processed by all BeanPostProcessors (for example: not eligible for auto-proxying)
2019-05-14 16:48:29.257  INFO 4592 --- [main] o.s.b.w.embedded.tomcat.TomcatWebServer  : Tomcat initialized with port(s): 9003 (http)
2019-05-14 16:48:29.289  INFO 4592 --- [main] o.apache.catalina.core.StandardService   : Starting service [Tomcat]
2019-05-14 16:48:29.289  INFO 4592 --- [main] org.apache.catalina.core.StandardEngine  : Starting Servlet engine: [Apache Tomcat/9.0.17]
2019-05-14 16:48:33.272  INFO 4592 --- [main] o.a.c.c.C.[Tomcat].[localhost].[/]       : Initializing Spring embedded WebApplicationContext
2019-05-14 16:48:33.274  INFO 4592 --- [main] o.s.web.context.ContextLoader            : Root WebApplicationContext: initialization completed in 9905 ms
2019-05-14 16:48:34.443  INFO 4592 --- [main] com.auth.api.config.SwaggerConfig        : Swagger initialization complete!
2019-05-14 16:48:34.669  INFO 4592 --- [main] com.zaxxer.hikari.HikariDataSource       : HikariPool-1 - Starting...
2019-05-14 16:48:34.863  INFO 4592 --- [main] com.zaxxer.hikari.HikariDataSource       : HikariPool-1 - Start completed.
2019-05-14 16:48:34.980  INFO 4592 --- [main] o.hibernate.jpa.internal.util.LogHelper  : HHH000204: Processing PersistenceUnitInfo [
	name: default
	...]
2019-05-14 16:48:35.126  INFO 4592 --- [main] org.hibernate.Version                    : HHH000412: Hibernate Core {5.3.9.Final}
2019-05-14 16:48:35.132  INFO 4592 --- [main] org.hibernate.cfg.Environment            : HHH000206: hibernate.properties not found
2019-05-14 16:48:35.353  INFO 4592 --- [main] o.hibernate.annotations.common.Version   : HCANN000001: Hibernate Commons Annotations {5.0.4.Final}
2019-05-14 16:48:35.636  INFO 4592 --- [main] org.hibernate.dialect.Dialect            : HHH000400: Using dialect: org.hibernate.dialect.MySQL5Dialect
2019-05-14 16:48:37.701  INFO 4592 --- [main] j.LocalContainerEntityManagerFactoryBean : Initialized JPA EntityManagerFactory for persistence unit 'default'
2019-05-14 16:48:39.812  INFO 4592 --- [main] o.s.b.a.e.web.EndpointLinksResolver      : Exposing 2 endpoint(s) beneath base path '/actuator'
2019-05-14 16:48:40.258  INFO 4592 --- [main] pertySourcedRequestMappingHandlerMapping : Mapped URL path [/v2/api-docs] onto method [public org.springframework.http.ResponseEntity<springfox.documentation.spring.web.json.Json> springfox.documentation.swagger2.web.Swagger2Controller.getDocumentation(java.lang.String,javax.servlet.http.HttpServletRequest)]
2019-05-14 16:48:40.879  INFO 4592 --- [main] o.s.s.web.DefaultSecurityFilterChain     : Creating filter chain: OrRequestMatcher [requestMatchers=[Ant [pattern='/oauth/token'], Ant [pattern='/oauth/token_key'], Ant [pattern='/oauth/check_token']]], [org.springframework.security.web.context.request.async.WebAsyncManagerIntegrationFilter@7bd1098, org.springframework.security.web.context.SecurityContextPersistenceFilter@7ce4498f, org.springframework.security.web.header.HeaderWriterFilter@38197e82, org.springframework.security.web.authentication.logout.LogoutFilter@6cbb6c41, org.springframework.security.web.authentication.www.BasicAuthenticationFilter@35b58254, org.springframework.security.web.savedrequest.RequestCacheAwareFilter@7bd7d71c, org.springframework.security.web.servletapi.SecurityContextHolderAwareRequestFilter@17e6d07b, org.springframework.security.web.authentication.AnonymousAuthenticationFilter@185bf6e0, org.springframework.security.web.session.SessionManagementFilter@4ac0d49, org.springframework.security.web.access.ExceptionTranslationFilter@6ee186f3, org.springframework.security.web.access.intercept.FilterSecurityInterceptor@49c4118b]
2019-05-14 16:48:40.901  INFO 4592 --- [main] o.s.s.web.DefaultSecurityFilterChain     : Creating filter chain: org.springframework.security.oauth2.config.annotation.web.configuration.ResourceServerConfiguration$NotOAuthRequestMatcher@6d0bcf8c, [org.springframework.security.web.context.request.async.WebAsyncManagerIntegrationFilter@a1a72d4, org.springframework.security.web.context.SecurityContextPersistenceFilter@78f4d15d, org.springframework.security.web.header.HeaderWriterFilter@3b6c740b, org.springframework.security.web.authentication.logout.LogoutFilter@7169d668, org.springframework.security.oauth2.provider.authentication.OAuth2AuthenticationProcessingFilter@34d5eac, org.springframework.security.web.savedrequest.RequestCacheAwareFilter@6958d5d0, org.springframework.security.web.servletapi.SecurityContextHolderAwareRequestFilter@314c28dc, org.springframework.security.web.authentication.AnonymousAuthenticationFilter@66d44581, org.springframework.security.web.session.SessionManagementFilter@8091d80, org.springframework.security.web.access.ExceptionTranslationFilter@71cc0e35, org.springframework.security.web.access.intercept.FilterSecurityInterceptor@3ba8ef4e]
2019-05-14 16:48:40.914  INFO 4592 --- [main] o.s.s.web.DefaultSecurityFilterChain     : Creating filter chain: any request, [org.springframework.security.web.context.request.async.WebAsyncManagerIntegrationFilter@1642968c, org.springframework.security.web.context.SecurityContextPersistenceFilter@770cbe5d, org.springframework.security.web.header.HeaderWriterFilter@7d07e04e, org.springframework.web.filter.CorsFilter@3a7dcfb7, org.springframework.security.web.csrf.CsrfFilter@444c0f9a, org.springframework.security.web.authentication.logout.LogoutFilter@c478e4e, org.springframework.security.web.authentication.www.BasicAuthenticationFilter@2634d000, org.springframework.security.web.savedrequest.RequestCacheAwareFilter@f575d2b, org.springframework.security.web.servletapi.SecurityContextHolderAwareRequestFilter@4d90d91f, org.springframework.security.web.authentication.AnonymousAuthenticationFilter@50b4e7b2, org.springframework.security.web.session.SessionManagementFilter@599310ab, org.springframework.security.web.access.ExceptionTranslationFilter@74919649, org.springframework.security.web.access.intercept.FilterSecurityInterceptor@4745bcc6]
2019-05-14 16:48:41.669  INFO 4592 --- [main] d.s.w.p.DocumentationPluginsBootstrapper : Context refreshed
2019-05-14 16:48:41.699  INFO 4592 --- [main] d.s.w.p.DocumentationPluginsBootstrapper : Found 2 custom documentation plugin(s)
2019-05-14 16:48:41.875  INFO 4592 --- [main] s.d.s.w.s.ApiListingReferenceScanner     : Scanning for api listing references
2019-05-14 16:48:42.086  INFO 4592 --- [main] s.d.s.w.s.ApiListingReferenceScanner     : Scanning for api listing references
2019-05-14 16:48:42.697  INFO 4592 --- [main] o.s.b.w.embedded.tomcat.TomcatWebServer  : Tomcat started on port(s): 9003 (http) with context path ''
2019-05-14 16:48:42.705  INFO 4592 --- [main] com.auth.api.OAuth2LoginApp              : Started OAuth2LoginApp in 21.888 seconds (JVM running for 38.887)
2019-05-14 16:50:25.754  INFO 4592 --- [http-nio-9003-exec-3] o.a.c.c.C.[Tomcat].[localhost].[/]       : Initializing Spring DispatcherServlet 'dispatcherServlet'
2019-05-14 16:50:25.757  INFO 4592 --- [http-nio-9003-exec-3] o.s.web.servlet.DispatcherServlet        : Initializing Servlet 'dispatcherServlet'
2019-05-14 16:50:25.778  INFO 4592 --- [http-nio-9003-exec-3] o.s.web.servlet.DispatcherServlet        : Completed initialization in 19 ms
2019-05-14 16:53:30.245  INFO 4592 --- [RMI TCP Connection(11)-127.0.0.1] inMXBeanRegistrar$SpringApplicationAdmin : Application shutdown requested.
2019-05-14 16:53:30.258  INFO 4592 --- [RMI TCP Connection(11)-127.0.0.1] j.LocalContainerEntityManagerFactoryBean : Closing JPA EntityManagerFactory for persistence unit 'default'
2019-05-14 16:53:30.263  INFO 4592 --- [RMI TCP Connection(11)-127.0.0.1] com.zaxxer.hikari.HikariDataSource       : HikariPool-1 - Shutdown initiated...
2019-05-14 16:53:30.280  INFO 4592 --- [RMI TCP Connection(11)-127.0.0.1] com.zaxxer.hikari.HikariDataSource       : HikariPool-1 - Shutdown completed.
2019-05-14 16:53:30.541  INFO 4592 --- [RMI TCP Connection(11)-127.0.0.1] o.apache.catalina.core.StandardService   : Stopping service [Tomcat]
2019-05-14 16:53:30.546  INFO 4592 --- [RMI TCP Connection(11)-127.0.0.1] o.a.c.c.C.[Tomcat].[localhost].[/]       : Destroying Spring FrameworkServlet 'dispatcherServlet'
2019-05-14 16:59:49.016  INFO 14688 --- [main] com.auth.api.OAuth2LoginApp              : No active profile set, falling back to default profiles: default
2019-05-14 16:59:50.463  INFO 14688 --- [main] .s.d.r.c.RepositoryConfigurationDelegate : Bootstrapping Spring Data repositories in DEFAULT mode.
2019-05-14 16:59:50.589  INFO 14688 --- [main] .s.d.r.c.RepositoryConfigurationDelegate : Finished Spring Data repository scanning in 113ms. Found 1 repository interfaces.
2019-05-14 16:59:50.885  INFO 14688 --- [main] o.s.cloud.context.scope.GenericScope     : BeanFactory id=84c4c7ad-44e5-3453-8ed8-e5014582bf7b
2019-05-14 16:59:51.008  INFO 14688 --- [main] trationDelegate$BeanPostProcessorChecker : Bean 'org.springframework.transaction.annotation.ProxyTransactionManagementConfiguration' of type [org.springframework.transaction.annotation.ProxyTransactionManagementConfiguration$$EnhancerBySpringCGLIB$$8c89f3dd] is not eligible for getting processed by all BeanPostProcessors (for example: not eligible for auto-proxying)
2019-05-14 16:59:51.039  INFO 14688 --- [main] trationDelegate$BeanPostProcessorChecker : Bean 'org.springframework.security.config.annotation.configuration.ObjectPostProcessorConfiguration' of type [org.springframework.security.config.annotation.configuration.ObjectPostProcessorConfiguration$$EnhancerBySpringCGLIB$$2537bc17] is not eligible for getting processed by all BeanPostProcessors (for example: not eligible for auto-proxying)
2019-05-14 16:59:51.068  INFO 14688 --- [main] trationDelegate$BeanPostProcessorChecker : Bean 'objectPostProcessor' of type [org.springframework.security.config.annotation.configuration.AutowireBeanFactoryObjectPostProcessor] is not eligible for getting processed by all BeanPostProcessors (for example: not eligible for auto-proxying)
2019-05-14 16:59:51.074  INFO 14688 --- [main] trationDelegate$BeanPostProcessorChecker : Bean 'org.springframework.security.access.expression.method.DefaultMethodSecurityExpressionHandler@234cff57' of type [org.springframework.security.oauth2.provider.expression.OAuth2MethodSecurityExpressionHandler] is not eligible for getting processed by all BeanPostProcessors (for example: not eligible for auto-proxying)
2019-05-14 16:59:51.081  INFO 14688 --- [main] trationDelegate$BeanPostProcessorChecker : Bean 'org.springframework.security.config.annotation.method.configuration.GlobalMethodSecurityConfiguration' of type [org.springframework.security.config.annotation.method.configuration.GlobalMethodSecurityConfiguration$$EnhancerBySpringCGLIB$$4a0c5ec9] is not eligible for getting processed by all BeanPostProcessors (for example: not eligible for auto-proxying)
2019-05-14 16:59:51.084  INFO 14688 --- [main] trationDelegate$BeanPostProcessorChecker : Bean 'methodSecurityMetadataSource' of type [org.springframework.security.access.method.DelegatingMethodSecurityMetadataSource] is not eligible for getting processed by all BeanPostProcessors (for example: not eligible for auto-proxying)
2019-05-14 16:59:51.103  INFO 14688 --- [main] trationDelegate$BeanPostProcessorChecker : Bean 'org.springframework.cloud.autoconfigure.ConfigurationPropertiesRebinderAutoConfiguration' of type [org.springframework.cloud.autoconfigure.ConfigurationPropertiesRebinderAutoConfiguration$$EnhancerBySpringCGLIB$$a8a3f6da] is not eligible for getting processed by all BeanPostProcessors (for example: not eligible for auto-proxying)
2019-05-14 16:59:51.432  INFO 14688 --- [main] o.s.b.w.embedded.tomcat.TomcatWebServer  : Tomcat initialized with port(s): 9003 (http)
2019-05-14 16:59:51.456  INFO 14688 --- [main] o.apache.catalina.core.StandardService   : Starting service [Tomcat]
2019-05-14 16:59:51.456  INFO 14688 --- [main] org.apache.catalina.core.StandardEngine  : Starting Servlet engine: [Apache Tomcat/9.0.17]
2019-05-14 16:59:51.717  INFO 14688 --- [main] o.a.c.c.C.[Tomcat].[localhost].[/]       : Initializing Spring embedded WebApplicationContext
2019-05-14 16:59:51.718  INFO 14688 --- [main] o.s.web.context.ContextLoader            : Root WebApplicationContext: initialization completed in 2691 ms
2019-05-14 16:59:52.429  INFO 14688 --- [main] com.auth.api.config.SwaggerConfig        : Swagger initialization complete!
2019-05-14 16:59:52.608  INFO 14688 --- [main] com.zaxxer.hikari.HikariDataSource       : HikariPool-1 - Starting...
2019-05-14 16:59:52.733  INFO 14688 --- [main] com.zaxxer.hikari.HikariDataSource       : HikariPool-1 - Start completed.
2019-05-14 16:59:52.807  INFO 14688 --- [main] o.hibernate.jpa.internal.util.LogHelper  : HHH000204: Processing PersistenceUnitInfo [
	name: default
	...]
2019-05-14 16:59:52.940  INFO 14688 --- [main] org.hibernate.Version                    : HHH000412: Hibernate Core {5.3.9.Final}
2019-05-14 16:59:52.948  INFO 14688 --- [main] org.hibernate.cfg.Environment            : HHH000206: hibernate.properties not found
2019-05-14 16:59:53.199  INFO 14688 --- [main] o.hibernate.annotations.common.Version   : HCANN000001: Hibernate Commons Annotations {5.0.4.Final}
2019-05-14 16:59:53.432  INFO 14688 --- [main] org.hibernate.dialect.Dialect            : HHH000400: Using dialect: org.hibernate.dialect.MySQL5Dialect
2019-05-14 16:59:54.759  INFO 14688 --- [main] j.LocalContainerEntityManagerFactoryBean : Initialized JPA EntityManagerFactory for persistence unit 'default'
2019-05-14 16:59:56.112  INFO 14688 --- [main] o.s.b.a.e.web.EndpointLinksResolver      : Exposing 2 endpoint(s) beneath base path '/actuator'
2019-05-14 16:59:56.501  INFO 14688 --- [main] pertySourcedRequestMappingHandlerMapping : Mapped URL path [/v2/api-docs] onto method [public org.springframework.http.ResponseEntity<springfox.documentation.spring.web.json.Json> springfox.documentation.swagger2.web.Swagger2Controller.getDocumentation(java.lang.String,javax.servlet.http.HttpServletRequest)]
2019-05-14 16:59:57.006  INFO 14688 --- [main] o.s.s.web.DefaultSecurityFilterChain     : Creating filter chain: OrRequestMatcher [requestMatchers=[Ant [pattern='/oauth/token'], Ant [pattern='/oauth/token_key'], Ant [pattern='/oauth/check_token']]], [org.springframework.security.web.context.request.async.WebAsyncManagerIntegrationFilter@73c09a98, org.springframework.security.web.context.SecurityContextPersistenceFilter@3361d286, org.springframework.security.web.header.HeaderWriterFilter@630c3af3, org.springframework.security.web.authentication.logout.LogoutFilter@7ce4498f, org.springframework.security.web.authentication.www.BasicAuthenticationFilter@71d2261e, org.springframework.security.web.savedrequest.RequestCacheAwareFilter@49fb693d, org.springframework.security.web.servletapi.SecurityContextHolderAwareRequestFilter@451a4187, org.springframework.security.web.authentication.AnonymousAuthenticationFilter@6f2bf657, org.springframework.security.web.session.SessionManagementFilter@3e0327dd, org.springframework.security.web.access.ExceptionTranslationFilter@284b487f, org.springframework.security.web.access.intercept.FilterSecurityInterceptor@14ba7f15]
2019-05-14 16:59:57.024  INFO 14688 --- [main] o.s.s.web.DefaultSecurityFilterChain     : Creating filter chain: org.springframework.security.oauth2.config.annotation.web.configuration.ResourceServerConfiguration$NotOAuthRequestMatcher@19f99aaf, [org.springframework.security.web.context.request.async.WebAsyncManagerIntegrationFilter@5020e5ab, org.springframework.security.web.context.SecurityContextPersistenceFilter@259c6ab8, org.springframework.security.web.header.HeaderWriterFilter@182dcd2b, org.springframework.security.web.authentication.logout.LogoutFilter@35b58254, org.springframework.security.oauth2.provider.authentication.OAuth2AuthenticationProcessingFilter@6fafbdac, org.springframework.security.web.savedrequest.RequestCacheAwareFilter@640a6d4b, org.springframework.security.web.servletapi.SecurityContextHolderAwareRequestFilter@1238a074, org.springframework.security.web.authentication.AnonymousAuthenticationFilter@19f1f330, org.springframework.security.web.session.SessionManagementFilter@4c3d72fd, org.springframework.security.web.access.ExceptionTranslationFilter@7ef7f414, org.springframework.security.web.access.intercept.FilterSecurityInterceptor@47994b51]
2019-05-14 16:59:57.033  INFO 14688 --- [main] o.s.s.web.DefaultSecurityFilterChain     : Creating filter chain: any request, [org.springframework.security.web.context.request.async.WebAsyncManagerIntegrationFilter@7e43b342, org.springframework.security.web.context.SecurityContextPersistenceFilter@5b430541, org.springframework.security.web.header.HeaderWriterFilter@632b96b8, org.springframework.web.filter.CorsFilter@21dd9203, org.springframework.security.web.csrf.CsrfFilter@1adf387e, org.springframework.security.web.authentication.logout.LogoutFilter@78829412, org.springframework.security.web.authentication.www.BasicAuthenticationFilter@34d72f06, org.springframework.security.web.savedrequest.RequestCacheAwareFilter@65a66a75, org.springframework.security.web.servletapi.SecurityContextHolderAwareRequestFilter@5a07ae2f, org.springframework.security.web.authentication.AnonymousAuthenticationFilter@dbcf7c3, org.springframework.security.web.session.SessionManagementFilter@544e6b, org.springframework.security.web.access.ExceptionTranslationFilter@1be4a7e3, org.springframework.security.web.access.intercept.FilterSecurityInterceptor@70eb94d7]
2019-05-14 16:59:57.567  INFO 14688 --- [main] d.s.w.p.DocumentationPluginsBootstrapper : Context refreshed
2019-05-14 16:59:57.583  INFO 14688 --- [main] d.s.w.p.DocumentationPluginsBootstrapper : Found 2 custom documentation plugin(s)
2019-05-14 16:59:57.689  INFO 14688 --- [main] s.d.s.w.s.ApiListingReferenceScanner     : Scanning for api listing references
2019-05-14 16:59:57.915  INFO 14688 --- [main] s.d.s.w.s.ApiListingReferenceScanner     : Scanning for api listing references
2019-05-14 16:59:58.017  INFO 14688 --- [main] o.s.b.w.embedded.tomcat.TomcatWebServer  : Tomcat started on port(s): 9003 (http) with context path ''
2019-05-14 16:59:58.019  INFO 14688 --- [main] com.auth.api.OAuth2LoginApp              : Started OAuth2LoginApp in 11.025 seconds (JVM running for 12.283)
2019-05-14 17:00:17.068  INFO 14688 --- [http-nio-9003-exec-1] o.a.c.c.C.[Tomcat].[localhost].[/]       : Initializing Spring DispatcherServlet 'dispatcherServlet'
2019-05-14 17:00:17.070  INFO 14688 --- [http-nio-9003-exec-1] o.s.web.servlet.DispatcherServlet        : Initializing Servlet 'dispatcherServlet'
2019-05-14 17:00:17.084  INFO 14688 --- [http-nio-9003-exec-1] o.s.web.servlet.DispatcherServlet        : Completed initialization in 13 ms
2019-05-14 17:02:36.010  INFO 14688 --- [http-nio-9003-exec-9] o.h.h.i.QueryTranslatorFactoryInitiator  : HHH000397: Using ASTQueryTranslatorFactory
2019-05-14 17:02:36.314  WARN 14688 --- [http-nio-9003-exec-9] o.s.s.o.provider.endpoint.TokenEndpoint  : Handling error: InvalidScopeException, Empty scope (either the client or the user is not allowed the requested scopes)
2019-05-14 17:04:21.877  WARN 14688 --- [http-nio-9003-exec-10] o.s.s.o.provider.endpoint.TokenEndpoint  : Handling error: InvalidScopeException, Empty scope (either the client or the user is not allowed the requested scopes)
2019-05-14 17:05:18.041  WARN 14688 --- [http-nio-9003-exec-1] o.s.s.o.provider.endpoint.TokenEndpoint  : Handling error: InvalidScopeException, Empty scope (either the client or the user is not allowed the requested scopes)
2019-05-14 17:05:59.481  INFO 14688 --- [RMI TCP Connection(13)-127.0.0.1] inMXBeanRegistrar$SpringApplicationAdmin : Application shutdown requested.
2019-05-14 17:05:59.490  INFO 14688 --- [RMI TCP Connection(13)-127.0.0.1] j.LocalContainerEntityManagerFactoryBean : Closing JPA EntityManagerFactory for persistence unit 'default'
2019-05-14 17:05:59.494  INFO 14688 --- [RMI TCP Connection(13)-127.0.0.1] com.zaxxer.hikari.HikariDataSource       : HikariPool-1 - Shutdown initiated...
2019-05-14 17:05:59.506  INFO 14688 --- [RMI TCP Connection(13)-127.0.0.1] com.zaxxer.hikari.HikariDataSource       : HikariPool-1 - Shutdown completed.
2019-05-14 17:05:59.656  INFO 14688 --- [RMI TCP Connection(13)-127.0.0.1] o.apache.catalina.core.StandardService   : Stopping service [Tomcat]
2019-05-14 17:05:59.664  INFO 14688 --- [RMI TCP Connection(13)-127.0.0.1] o.a.c.c.C.[Tomcat].[localhost].[/]       : Destroying Spring FrameworkServlet 'dispatcherServlet'
2019-05-14 17:10:33.093  INFO 15524 --- [main] com.auth.api.OAuth2LoginApp              : No active profile set, falling back to default profiles: default
2019-05-14 17:10:34.763  INFO 15524 --- [main] .s.d.r.c.RepositoryConfigurationDelegate : Bootstrapping Spring Data repositories in DEFAULT mode.
2019-05-14 17:10:34.878  INFO 15524 --- [main] .s.d.r.c.RepositoryConfigurationDelegate : Finished Spring Data repository scanning in 105ms. Found 1 repository interfaces.
2019-05-14 17:10:35.188  INFO 15524 --- [main] o.s.cloud.context.scope.GenericScope     : BeanFactory id=e4aca942-4302-34b8-9fdb-c8ff564f1529
2019-05-14 17:10:35.339  INFO 15524 --- [main] trationDelegate$BeanPostProcessorChecker : Bean 'org.springframework.transaction.annotation.ProxyTransactionManagementConfiguration' of type [org.springframework.transaction.annotation.ProxyTransactionManagementConfiguration$$EnhancerBySpringCGLIB$$9bf6cd56] is not eligible for getting processed by all BeanPostProcessors (for example: not eligible for auto-proxying)
2019-05-14 17:10:35.381  INFO 15524 --- [main] trationDelegate$BeanPostProcessorChecker : Bean 'org.springframework.security.config.annotation.configuration.ObjectPostProcessorConfiguration' of type [org.springframework.security.config.annotation.configuration.ObjectPostProcessorConfiguration$$EnhancerBySpringCGLIB$$34a49590] is not eligible for getting processed by all BeanPostProcessors (for example: not eligible for auto-proxying)
2019-05-14 17:10:35.391  INFO 15524 --- [main] trationDelegate$BeanPostProcessorChecker : Bean 'objectPostProcessor' of type [org.springframework.security.config.annotation.configuration.AutowireBeanFactoryObjectPostProcessor] is not eligible for getting processed by all BeanPostProcessors (for example: not eligible for auto-proxying)
2019-05-14 17:10:35.398  INFO 15524 --- [main] trationDelegate$BeanPostProcessorChecker : Bean 'org.springframework.security.access.expression.method.DefaultMethodSecurityExpressionHandler@19827608' of type [org.springframework.security.oauth2.provider.expression.OAuth2MethodSecurityExpressionHandler] is not eligible for getting processed by all BeanPostProcessors (for example: not eligible for auto-proxying)
2019-05-14 17:10:35.401  INFO 15524 --- [main] trationDelegate$BeanPostProcessorChecker : Bean 'org.springframework.security.config.annotation.method.configuration.GlobalMethodSecurityConfiguration' of type [org.springframework.security.config.annotation.method.configuration.GlobalMethodSecurityConfiguration$$EnhancerBySpringCGLIB$$59793842] is not eligible for getting processed by all BeanPostProcessors (for example: not eligible for auto-proxying)
2019-05-14 17:10:35.405  INFO 15524 --- [main] trationDelegate$BeanPostProcessorChecker : Bean 'methodSecurityMetadataSource' of type [org.springframework.security.access.method.DelegatingMethodSecurityMetadataSource] is not eligible for getting processed by all BeanPostProcessors (for example: not eligible for auto-proxying)
2019-05-14 17:10:35.429  INFO 15524 --- [main] trationDelegate$BeanPostProcessorChecker : Bean 'org.springframework.cloud.autoconfigure.ConfigurationPropertiesRebinderAutoConfiguration' of type [org.springframework.cloud.autoconfigure.ConfigurationPropertiesRebinderAutoConfiguration$$EnhancerBySpringCGLIB$$b810d053] is not eligible for getting processed by all BeanPostProcessors (for example: not eligible for auto-proxying)
2019-05-14 17:10:35.822  INFO 15524 --- [main] o.s.b.w.embedded.tomcat.TomcatWebServer  : Tomcat initialized with port(s): 9003 (http)
2019-05-14 17:10:35.850  INFO 15524 --- [main] o.apache.catalina.core.StandardService   : Starting service [Tomcat]
2019-05-14 17:10:35.850  INFO 15524 --- [main] org.apache.catalina.core.StandardEngine  : Starting Servlet engine: [Apache Tomcat/9.0.17]
2019-05-14 17:10:36.230  INFO 15524 --- [main] o.a.c.c.C.[Tomcat].[localhost].[/]       : Initializing Spring embedded WebApplicationContext
2019-05-14 17:10:36.232  INFO 15524 --- [main] o.s.web.context.ContextLoader            : Root WebApplicationContext: initialization completed in 3126 ms
2019-05-14 17:10:36.907  INFO 15524 --- [main] com.auth.api.config.SwaggerConfig        : Swagger initialization complete!
2019-05-14 17:10:37.083  INFO 15524 --- [main] com.zaxxer.hikari.HikariDataSource       : HikariPool-1 - Starting...
2019-05-14 17:10:37.221  INFO 15524 --- [main] com.zaxxer.hikari.HikariDataSource       : HikariPool-1 - Start completed.
2019-05-14 17:10:37.293  INFO 15524 --- [main] o.hibernate.jpa.internal.util.LogHelper  : HHH000204: Processing PersistenceUnitInfo [
	name: default
	...]
2019-05-14 17:10:37.395  INFO 15524 --- [main] org.hibernate.Version                    : HHH000412: Hibernate Core {5.3.9.Final}
2019-05-14 17:10:37.401  INFO 15524 --- [main] org.hibernate.cfg.Environment            : HHH000206: hibernate.properties not found
2019-05-14 17:10:37.571  INFO 15524 --- [main] o.hibernate.annotations.common.Version   : HCANN000001: Hibernate Commons Annotations {5.0.4.Final}
2019-05-14 17:10:37.772  INFO 15524 --- [main] org.hibernate.dialect.Dialect            : HHH000400: Using dialect: org.hibernate.dialect.MySQL5Dialect
2019-05-14 17:10:38.644  INFO 15524 --- [main] j.LocalContainerEntityManagerFactoryBean : Initialized JPA EntityManagerFactory for persistence unit 'default'
2019-05-14 17:10:40.524  INFO 15524 --- [main] o.s.b.a.e.web.EndpointLinksResolver      : Exposing 2 endpoint(s) beneath base path '/actuator'
2019-05-14 17:10:40.782  INFO 15524 --- [main] pertySourcedRequestMappingHandlerMapping : Mapped URL path [/v2/api-docs] onto method [public org.springframework.http.ResponseEntity<springfox.documentation.spring.web.json.Json> springfox.documentation.swagger2.web.Swagger2Controller.getDocumentation(java.lang.String,javax.servlet.http.HttpServletRequest)]
2019-05-14 17:10:41.375  INFO 15524 --- [main] o.s.s.web.DefaultSecurityFilterChain     : Creating filter chain: OrRequestMatcher [requestMatchers=[Ant [pattern='/oauth/token'], Ant [pattern='/oauth/token_key'], Ant [pattern='/oauth/check_token']]], [org.springframework.security.web.context.request.async.WebAsyncManagerIntegrationFilter@2943e61c, org.springframework.security.web.context.SecurityContextPersistenceFilter@2c3d1214, org.springframework.security.web.header.HeaderWriterFilter@c8d20bb, org.springframework.security.web.authentication.logout.LogoutFilter@7a4199e5, org.springframework.security.web.authentication.www.BasicAuthenticationFilter@3dd8b40e, org.springframework.security.web.savedrequest.RequestCacheAwareFilter@7d018c58, org.springframework.security.web.servletapi.SecurityContextHolderAwareRequestFilter@39eea4f6, org.springframework.security.web.authentication.AnonymousAuthenticationFilter@6bab373c, org.springframework.security.web.session.SessionManagementFilter@5d1d05ff, org.springframework.security.web.access.ExceptionTranslationFilter@240c626d, org.springframework.security.web.access.intercept.FilterSecurityInterceptor@73b71935]
2019-05-14 17:10:41.393  INFO 15524 --- [main] o.s.s.web.DefaultSecurityFilterChain     : Creating filter chain: org.springframework.security.oauth2.config.annotation.web.configuration.ResourceServerConfiguration$NotOAuthRequestMatcher@77b0ff24, [org.springframework.security.web.context.request.async.WebAsyncManagerIntegrationFilter@3958e148, org.springframework.security.web.context.SecurityContextPersistenceFilter@318353, org.springframework.security.web.header.HeaderWriterFilter@2b8f5aa4, org.springframework.security.web.authentication.logout.LogoutFilter@72ea5674, org.springframework.security.oauth2.provider.authentication.OAuth2AuthenticationProcessingFilter@61b6f287, org.springframework.security.web.savedrequest.RequestCacheAwareFilter@2cd6fae8, org.springframework.security.web.servletapi.SecurityContextHolderAwareRequestFilter@7d5ddfac, org.springframework.security.web.authentication.AnonymousAuthenticationFilter@6391d34f, org.springframework.security.web.session.SessionManagementFilter@7d0e46dd, org.springframework.security.web.access.ExceptionTranslationFilter@529fda9f, org.springframework.security.web.access.intercept.FilterSecurityInterceptor@741687d4]
2019-05-14 17:10:41.405  INFO 15524 --- [main] o.s.s.web.DefaultSecurityFilterChain     : Creating filter chain: any request, [org.springframework.security.web.context.request.async.WebAsyncManagerIntegrationFilter@62d818c6, org.springframework.security.web.context.SecurityContextPersistenceFilter@6aaed880, org.springframework.security.web.header.HeaderWriterFilter@359903b6, org.springframework.web.filter.CorsFilter@492e9e87, org.springframework.security.web.csrf.CsrfFilter@5984742f, org.springframework.security.web.authentication.logout.LogoutFilter@6b3708f0, org.springframework.security.web.authentication.www.BasicAuthenticationFilter@3e2ee637, org.springframework.security.web.savedrequest.RequestCacheAwareFilter@9bd477c, org.springframework.security.web.servletapi.SecurityContextHolderAwareRequestFilter@7444714e, org.springframework.security.web.authentication.AnonymousAuthenticationFilter@7322013f, org.springframework.security.web.session.SessionManagementFilter@1071f3ad, org.springframework.security.web.access.ExceptionTranslationFilter@56a6aadb, org.springframework.security.web.access.intercept.FilterSecurityInterceptor@207358ad]
2019-05-14 17:10:41.985  INFO 15524 --- [main] d.s.w.p.DocumentationPluginsBootstrapper : Context refreshed
2019-05-14 17:10:42.004  INFO 15524 --- [main] d.s.w.p.DocumentationPluginsBootstrapper : Found 2 custom documentation plugin(s)
2019-05-14 17:10:42.124  INFO 15524 --- [main] s.d.s.w.s.ApiListingReferenceScanner     : Scanning for api listing references
2019-05-14 17:10:42.384  INFO 15524 --- [main] s.d.s.w.s.ApiListingReferenceScanner     : Scanning for api listing references
2019-05-14 17:10:42.505  INFO 15524 --- [main] o.s.b.w.embedded.tomcat.TomcatWebServer  : Tomcat started on port(s): 9003 (http) with context path ''
2019-05-14 17:10:42.511  INFO 15524 --- [main] com.auth.api.OAuth2LoginApp              : Started OAuth2LoginApp in 11.09 seconds (JVM running for 13.728)
2019-05-14 17:10:51.159  INFO 15524 --- [http-nio-9003-exec-1] o.a.c.c.C.[Tomcat].[localhost].[/]       : Initializing Spring DispatcherServlet 'dispatcherServlet'
2019-05-14 17:10:51.161  INFO 15524 --- [http-nio-9003-exec-1] o.s.web.servlet.DispatcherServlet        : Initializing Servlet 'dispatcherServlet'
2019-05-14 17:10:51.178  INFO 15524 --- [http-nio-9003-exec-1] o.s.web.servlet.DispatcherServlet        : Completed initialization in 17 ms
2019-05-14 17:11:35.454  INFO 15524 --- [http-nio-9003-exec-3] o.h.h.i.QueryTranslatorFactoryInitiator  : HHH000397: Using ASTQueryTranslatorFactory
2019-05-14 17:11:35.772  WARN 15524 --- [http-nio-9003-exec-3] o.s.s.o.provider.endpoint.TokenEndpoint  : Handling error: InvalidScopeException, Empty scope (either the client or the user is not allowed the requested scopes)
2019-05-14 17:43:12.172  INFO 15524 --- [RMI TCP Connection(41)-127.0.0.1] inMXBeanRegistrar$SpringApplicationAdmin : Application shutdown requested.
2019-05-14 17:43:12.187  INFO 15524 --- [RMI TCP Connection(41)-127.0.0.1] j.LocalContainerEntityManagerFactoryBean : Closing JPA EntityManagerFactory for persistence unit 'default'
2019-05-14 17:43:12.193  INFO 15524 --- [RMI TCP Connection(41)-127.0.0.1] com.zaxxer.hikari.HikariDataSource       : HikariPool-1 - Shutdown initiated...
2019-05-14 17:43:12.203  INFO 15524 --- [RMI TCP Connection(41)-127.0.0.1] com.zaxxer.hikari.HikariDataSource       : HikariPool-1 - Shutdown completed.
2019-05-14 17:43:12.347  INFO 15524 --- [RMI TCP Connection(41)-127.0.0.1] o.apache.catalina.core.StandardService   : Stopping service [Tomcat]
2019-05-14 17:43:12.351  INFO 15524 --- [RMI TCP Connection(41)-127.0.0.1] o.a.c.c.C.[Tomcat].[localhost].[/]       : Destroying Spring FrameworkServlet 'dispatcherServlet'
2019-05-14 17:43:19.066  INFO 8652 --- [main] com.auth.api.OAuth2LoginApp              : No active profile set, falling back to default profiles: default
2019-05-14 17:43:20.393  INFO 8652 --- [main] .s.d.r.c.RepositoryConfigurationDelegate : Bootstrapping Spring Data repositories in DEFAULT mode.
2019-05-14 17:43:20.506  INFO 8652 --- [main] .s.d.r.c.RepositoryConfigurationDelegate : Finished Spring Data repository scanning in 103ms. Found 1 repository interfaces.
2019-05-14 17:43:20.844  INFO 8652 --- [main] o.s.cloud.context.scope.GenericScope     : BeanFactory id=e4aca942-4302-34b8-9fdb-c8ff564f1529
2019-05-14 17:43:21.056  INFO 8652 --- [main] trationDelegate$BeanPostProcessorChecker : Bean 'org.springframework.transaction.annotation.ProxyTransactionManagementConfiguration' of type [org.springframework.transaction.annotation.ProxyTransactionManagementConfiguration$$EnhancerBySpringCGLIB$$435d5c9b] is not eligible for getting processed by all BeanPostProcessors (for example: not eligible for auto-proxying)
2019-05-14 17:43:21.094  INFO 8652 --- [main] trationDelegate$BeanPostProcessorChecker : Bean 'org.springframework.security.config.annotation.configuration.ObjectPostProcessorConfiguration' of type [org.springframework.security.config.annotation.configuration.ObjectPostProcessorConfiguration$$EnhancerBySpringCGLIB$$dc0b24d5] is not eligible for getting processed by all BeanPostProcessors (for example: not eligible for auto-proxying)
2019-05-14 17:43:21.101  INFO 8652 --- [main] trationDelegate$BeanPostProcessorChecker : Bean 'objectPostProcessor' of type [org.springframework.security.config.annotation.configuration.AutowireBeanFactoryObjectPostProcessor] is not eligible for getting processed by all BeanPostProcessors (for example: not eligible for auto-proxying)
2019-05-14 17:43:21.107  INFO 8652 --- [main] trationDelegate$BeanPostProcessorChecker : Bean 'org.springframework.security.access.expression.method.DefaultMethodSecurityExpressionHandler@18539cb1' of type [org.springframework.security.oauth2.provider.expression.OAuth2MethodSecurityExpressionHandler] is not eligible for getting processed by all BeanPostProcessors (for example: not eligible for auto-proxying)
2019-05-14 17:43:21.111  INFO 8652 --- [main] trationDelegate$BeanPostProcessorChecker : Bean 'org.springframework.security.config.annotation.method.configuration.GlobalMethodSecurityConfiguration' of type [org.springframework.security.config.annotation.method.configuration.GlobalMethodSecurityConfiguration$$EnhancerBySpringCGLIB$$dfc787] is not eligible for getting processed by all BeanPostProcessors (for example: not eligible for auto-proxying)
2019-05-14 17:43:21.133  INFO 8652 --- [main] trationDelegate$BeanPostProcessorChecker : Bean 'methodSecurityMetadataSource' of type [org.springframework.security.access.method.DelegatingMethodSecurityMetadataSource] is not eligible for getting processed by all BeanPostProcessors (for example: not eligible for auto-proxying)
2019-05-14 17:43:21.151  INFO 8652 --- [main] trationDelegate$BeanPostProcessorChecker : Bean 'org.springframework.cloud.autoconfigure.ConfigurationPropertiesRebinderAutoConfiguration' of type [org.springframework.cloud.autoconfigure.ConfigurationPropertiesRebinderAutoConfiguration$$EnhancerBySpringCGLIB$$5f775f98] is not eligible for getting processed by all BeanPostProcessors (for example: not eligible for auto-proxying)
2019-05-14 17:43:21.470  INFO 8652 --- [main] o.s.b.w.embedded.tomcat.TomcatWebServer  : Tomcat initialized with port(s): 9003 (http)
2019-05-14 17:43:21.494  INFO 8652 --- [main] o.apache.catalina.core.StandardService   : Starting service [Tomcat]
2019-05-14 17:43:21.495  INFO 8652 --- [main] org.apache.catalina.core.StandardEngine  : Starting Servlet engine: [Apache Tomcat/9.0.17]
2019-05-14 17:43:21.959  INFO 8652 --- [main] o.a.c.c.C.[Tomcat].[localhost].[/]       : Initializing Spring embedded WebApplicationContext
2019-05-14 17:43:21.960  INFO 8652 --- [main] o.s.web.context.ContextLoader            : Root WebApplicationContext: initialization completed in 2882 ms
2019-05-14 17:43:22.976  INFO 8652 --- [main] com.auth.api.config.SwaggerConfig        : Swagger initialization complete!
2019-05-14 17:43:23.192  INFO 8652 --- [main] com.zaxxer.hikari.HikariDataSource       : HikariPool-1 - Starting...
2019-05-14 17:43:23.353  INFO 8652 --- [main] com.zaxxer.hikari.HikariDataSource       : HikariPool-1 - Start completed.
2019-05-14 17:43:23.435  INFO 8652 --- [main] o.hibernate.jpa.internal.util.LogHelper  : HHH000204: Processing PersistenceUnitInfo [
	name: default
	...]
2019-05-14 17:43:23.539  INFO 8652 --- [main] org.hibernate.Version                    : HHH000412: Hibernate Core {5.3.9.Final}
2019-05-14 17:43:23.545  INFO 8652 --- [main] org.hibernate.cfg.Environment            : HHH000206: hibernate.properties not found
2019-05-14 17:43:23.770  INFO 8652 --- [main] o.hibernate.annotations.common.Version   : HCANN000001: Hibernate Commons Annotations {5.0.4.Final}
2019-05-14 17:43:24.029  INFO 8652 --- [main] org.hibernate.dialect.Dialect            : HHH000400: Using dialect: org.hibernate.dialect.MySQL5Dialect
2019-05-14 17:43:24.893  INFO 8652 --- [main] j.LocalContainerEntityManagerFactoryBean : Initialized JPA EntityManagerFactory for persistence unit 'default'
2019-05-14 17:43:26.033  INFO 8652 --- [main] o.s.b.a.e.web.EndpointLinksResolver      : Exposing 2 endpoint(s) beneath base path '/actuator'
2019-05-14 17:43:26.444  INFO 8652 --- [main] pertySourcedRequestMappingHandlerMapping : Mapped URL path [/v2/api-docs] onto method [public org.springframework.http.ResponseEntity<springfox.documentation.spring.web.json.Json> springfox.documentation.swagger2.web.Swagger2Controller.getDocumentation(java.lang.String,javax.servlet.http.HttpServletRequest)]
2019-05-14 17:43:27.072  INFO 8652 --- [main] o.s.s.web.DefaultSecurityFilterChain     : Creating filter chain: OrRequestMatcher [requestMatchers=[Ant [pattern='/oauth/token'], Ant [pattern='/oauth/token_key'], Ant [pattern='/oauth/check_token']]], [org.springframework.security.web.context.request.async.WebAsyncManagerIntegrationFilter@182dcd2b, org.springframework.security.web.context.SecurityContextPersistenceFilter@565c887e, org.springframework.security.web.header.HeaderWriterFilter@3361d286, org.springframework.security.web.authentication.logout.LogoutFilter@318511f0, org.springframework.security.web.authentication.www.BasicAuthenticationFilter@750c23a3, org.springframework.security.web.savedrequest.RequestCacheAwareFilter@1317ac2c, org.springframework.security.web.servletapi.SecurityContextHolderAwareRequestFilter@7ce4498f, org.springframework.security.web.authentication.AnonymousAuthenticationFilter@4c3d72fd, org.springframework.security.web.session.SessionManagementFilter@1bba9862, org.springframework.security.web.access.ExceptionTranslationFilter@3e0327dd, org.springframework.security.web.access.intercept.FilterSecurityInterceptor@50f13494]
2019-05-14 17:43:27.094  INFO 8652 --- [main] o.s.s.web.DefaultSecurityFilterChain     : Creating filter chain: org.springframework.security.oauth2.config.annotation.web.configuration.ResourceServerConfiguration$NotOAuthRequestMatcher@2c1a95a2, [org.springframework.security.web.context.request.async.WebAsyncManagerIntegrationFilter@1adf387e, org.springframework.security.web.context.SecurityContextPersistenceFilter@374ba492, org.springframework.security.web.header.HeaderWriterFilter@185bf6e0, org.springframework.security.web.authentication.logout.LogoutFilter@44a9971f, org.springframework.security.oauth2.provider.authentication.OAuth2AuthenticationProcessingFilter@19f99aaf, org.springframework.security.web.savedrequest.RequestCacheAwareFilter@581d5b33, org.springframework.security.web.servletapi.SecurityContextHolderAwareRequestFilter@1f365a26, org.springframework.security.web.authentication.AnonymousAuthenticationFilter@72b53f27, org.springframework.security.web.session.SessionManagementFilter@6a562255, org.springframework.security.web.access.ExceptionTranslationFilter@7bd1098, org.springframework.security.web.access.intercept.FilterSecurityInterceptor@34d5eac]
2019-05-14 17:43:27.106  INFO 8652 --- [main] o.s.s.web.DefaultSecurityFilterChain     : Creating filter chain: any request, [org.springframework.security.web.context.request.async.WebAsyncManagerIntegrationFilter@f575d2b, org.springframework.security.web.context.SecurityContextPersistenceFilter@7e43b342, org.springframework.security.web.header.HeaderWriterFilter@70eb94d7, org.springframework.web.filter.CorsFilter@4d90d91f, org.springframework.security.web.csrf.CsrfFilter@66d44581, org.springframework.security.web.authentication.logout.LogoutFilter@1e466d, org.springframework.security.web.authentication.www.BasicAuthenticationFilter@770cbe5d, org.springframework.security.web.savedrequest.RequestCacheAwareFilter@21dd9203, org.springframework.security.web.servletapi.SecurityContextHolderAwareRequestFilter@dbcf7c3, org.springframework.security.web.authentication.AnonymousAuthenticationFilter@c478e4e, org.springframework.security.web.session.SessionManagementFilter@34d72f06, org.springframework.security.web.access.ExceptionTranslationFilter@293ecff6, org.springframework.security.web.access.intercept.FilterSecurityInterceptor@599310ab]
2019-05-14 17:43:28.094  INFO 8652 --- [main] d.s.w.p.DocumentationPluginsBootstrapper : Context refreshed
2019-05-14 17:43:28.138  INFO 8652 --- [main] d.s.w.p.DocumentationPluginsBootstrapper : Found 2 custom documentation plugin(s)
2019-05-14 17:43:28.266  INFO 8652 --- [main] s.d.s.w.s.ApiListingReferenceScanner     : Scanning for api listing references
2019-05-14 17:43:28.513  INFO 8652 --- [main] s.d.s.w.s.ApiListingReferenceScanner     : Scanning for api listing references
2019-05-14 17:43:28.619  INFO 8652 --- [main] o.s.b.w.embedded.tomcat.TomcatWebServer  : Tomcat started on port(s): 9003 (http) with context path ''
2019-05-14 17:43:28.623  INFO 8652 --- [main] com.auth.api.OAuth2LoginApp              : Started OAuth2LoginApp in 11.186 seconds (JVM running for 12.591)
2019-05-14 17:43:31.443  INFO 8652 --- [http-nio-9003-exec-1] o.a.c.c.C.[Tomcat].[localhost].[/]       : Initializing Spring DispatcherServlet 'dispatcherServlet'
2019-05-14 17:43:31.444  INFO 8652 --- [http-nio-9003-exec-1] o.s.web.servlet.DispatcherServlet        : Initializing Servlet 'dispatcherServlet'
2019-05-14 17:43:31.458  INFO 8652 --- [http-nio-9003-exec-1] o.s.web.servlet.DispatcherServlet        : Completed initialization in 13 ms
2019-05-14 17:48:01.811  INFO 8652 --- [http-nio-9003-exec-9] o.h.h.i.QueryTranslatorFactoryInitiator  : HHH000397: Using ASTQueryTranslatorFactory
2019-05-14 17:48:02.383  INFO 8652 --- [http-nio-9003-exec-9] com.auth.api.config.CustomTokenEnhancer  : Token enhance() started
2019-05-14 17:50:13.029  INFO 8652 --- [RMI TCP Connection(14)-127.0.0.1] inMXBeanRegistrar$SpringApplicationAdmin : Application shutdown requested.
2019-05-14 17:50:13.038  INFO 8652 --- [RMI TCP Connection(14)-127.0.0.1] j.LocalContainerEntityManagerFactoryBean : Closing JPA EntityManagerFactory for persistence unit 'default'
2019-05-14 17:50:13.046  INFO 8652 --- [RMI TCP Connection(14)-127.0.0.1] com.zaxxer.hikari.HikariDataSource       : HikariPool-1 - Shutdown initiated...
2019-05-14 17:50:13.061  INFO 8652 --- [RMI TCP Connection(14)-127.0.0.1] com.zaxxer.hikari.HikariDataSource       : HikariPool-1 - Shutdown completed.
2019-05-14 17:50:13.237  INFO 8652 --- [RMI TCP Connection(14)-127.0.0.1] o.apache.catalina.core.StandardService   : Stopping service [Tomcat]
2019-05-14 17:50:13.242  INFO 8652 --- [RMI TCP Connection(14)-127.0.0.1] o.a.c.c.C.[Tomcat].[localhost].[/]       : Destroying Spring FrameworkServlet 'dispatcherServlet'
2019-05-14 17:50:22.393  INFO 15516 --- [main] com.auth.api.OAuth2LoginApp              : No active profile set, falling back to default profiles: default
2019-05-14 17:50:24.719  INFO 15516 --- [main] .s.d.r.c.RepositoryConfigurationDelegate : Bootstrapping Spring Data repositories in DEFAULT mode.
2019-05-14 17:50:24.909  INFO 15516 --- [main] .s.d.r.c.RepositoryConfigurationDelegate : Finished Spring Data repository scanning in 170ms. Found 1 repository interfaces.
2019-05-14 17:50:25.477  INFO 15516 --- [main] o.s.cloud.context.scope.GenericScope     : BeanFactory id=e4aca942-4302-34b8-9fdb-c8ff564f1529
2019-05-14 17:50:25.682  INFO 15516 --- [main] trationDelegate$BeanPostProcessorChecker : Bean 'org.springframework.transaction.annotation.ProxyTransactionManagementConfiguration' of type [org.springframework.transaction.annotation.ProxyTransactionManagementConfiguration$$EnhancerBySpringCGLIB$$1ca1ffb6] is not eligible for getting processed by all BeanPostProcessors (for example: not eligible for auto-proxying)
2019-05-14 17:50:25.745  INFO 15516 --- [main] trationDelegate$BeanPostProcessorChecker : Bean 'org.springframework.security.config.annotation.configuration.ObjectPostProcessorConfiguration' of type [org.springframework.security.config.annotation.configuration.ObjectPostProcessorConfiguration$$EnhancerBySpringCGLIB$$b54fc7f0] is not eligible for getting processed by all BeanPostProcessors (for example: not eligible for auto-proxying)
2019-05-14 17:50:25.754  INFO 15516 --- [main] trationDelegate$BeanPostProcessorChecker : Bean 'objectPostProcessor' of type [org.springframework.security.config.annotation.configuration.AutowireBeanFactoryObjectPostProcessor] is not eligible for getting processed by all BeanPostProcessors (for example: not eligible for auto-proxying)
2019-05-14 17:50:25.763  INFO 15516 --- [main] trationDelegate$BeanPostProcessorChecker : Bean 'org.springframework.security.access.expression.method.DefaultMethodSecurityExpressionHandler@6403a4a5' of type [org.springframework.security.oauth2.provider.expression.OAuth2MethodSecurityExpressionHandler] is not eligible for getting processed by all BeanPostProcessors (for example: not eligible for auto-proxying)
2019-05-14 17:50:25.772  INFO 15516 --- [main] trationDelegate$BeanPostProcessorChecker : Bean 'org.springframework.security.config.annotation.method.configuration.GlobalMethodSecurityConfiguration' of type [org.springframework.security.config.annotation.method.configuration.GlobalMethodSecurityConfiguration$$EnhancerBySpringCGLIB$$da246aa2] is not eligible for getting processed by all BeanPostProcessors (for example: not eligible for auto-proxying)
2019-05-14 17:50:25.777  INFO 15516 --- [main] trationDelegate$BeanPostProcessorChecker : Bean 'methodSecurityMetadataSource' of type [org.springframework.security.access.method.DelegatingMethodSecurityMetadataSource] is not eligible for getting processed by all BeanPostProcessors (for example: not eligible for auto-proxying)
2019-05-14 17:50:25.844  INFO 15516 --- [main] trationDelegate$BeanPostProcessorChecker : Bean 'org.springframework.cloud.autoconfigure.ConfigurationPropertiesRebinderAutoConfiguration' of type [org.springframework.cloud.autoconfigure.ConfigurationPropertiesRebinderAutoConfiguration$$EnhancerBySpringCGLIB$$38bc02b3] is not eligible for getting processed by all BeanPostProcessors (for example: not eligible for auto-proxying)
2019-05-14 17:50:26.534  INFO 15516 --- [main] o.s.b.w.embedded.tomcat.TomcatWebServer  : Tomcat initialized with port(s): 9003 (http)
2019-05-14 17:50:26.603  INFO 15516 --- [main] o.apache.catalina.core.StandardService   : Starting service [Tomcat]
2019-05-14 17:50:26.603  INFO 15516 --- [main] org.apache.catalina.core.StandardEngine  : Starting Servlet engine: [Apache Tomcat/9.0.17]
2019-05-14 17:50:27.145  INFO 15516 --- [main] o.a.c.c.C.[Tomcat].[localhost].[/]       : Initializing Spring embedded WebApplicationContext
2019-05-14 17:50:27.151  INFO 15516 --- [main] o.s.web.context.ContextLoader            : Root WebApplicationContext: initialization completed in 4742 ms
2019-05-14 17:50:28.603  INFO 15516 --- [main] com.auth.api.config.SwaggerConfig        : Swagger initialization complete!
2019-05-14 17:50:28.853  INFO 15516 --- [main] com.zaxxer.hikari.HikariDataSource       : HikariPool-1 - Starting...
2019-05-14 17:50:29.044  INFO 15516 --- [main] com.zaxxer.hikari.HikariDataSource       : HikariPool-1 - Start completed.
2019-05-14 17:50:29.132  INFO 15516 --- [main] o.hibernate.jpa.internal.util.LogHelper  : HHH000204: Processing PersistenceUnitInfo [
	name: default
	...]
2019-05-14 17:50:29.260  INFO 15516 --- [main] org.hibernate.Version                    : HHH000412: Hibernate Core {5.3.9.Final}
2019-05-14 17:50:29.265  INFO 15516 --- [main] org.hibernate.cfg.Environment            : HHH000206: hibernate.properties not found
2019-05-14 17:50:29.497  INFO 15516 --- [main] o.hibernate.annotations.common.Version   : HCANN000001: Hibernate Commons Annotations {5.0.4.Final}
2019-05-14 17:50:29.791  INFO 15516 --- [main] org.hibernate.dialect.Dialect            : HHH000400: Using dialect: org.hibernate.dialect.MySQL5Dialect
2019-05-14 17:50:30.932  INFO 15516 --- [main] j.LocalContainerEntityManagerFactoryBean : Initialized JPA EntityManagerFactory for persistence unit 'default'
2019-05-14 17:50:33.331  INFO 15516 --- [main] o.s.b.a.e.web.EndpointLinksResolver      : Exposing 2 endpoint(s) beneath base path '/actuator'
2019-05-14 17:50:33.671  INFO 15516 --- [main] pertySourcedRequestMappingHandlerMapping : Mapped URL path [/v2/api-docs] onto method [public org.springframework.http.ResponseEntity<springfox.documentation.spring.web.json.Json> springfox.documentation.swagger2.web.Swagger2Controller.getDocumentation(java.lang.String,javax.servlet.http.HttpServletRequest)]
2019-05-14 17:50:34.445  INFO 15516 --- [main] o.s.s.web.DefaultSecurityFilterChain     : Creating filter chain: OrRequestMatcher [requestMatchers=[Ant [pattern='/oauth/token'], Ant [pattern='/oauth/token_key'], Ant [pattern='/oauth/check_token']]], [org.springframework.security.web.context.request.async.WebAsyncManagerIntegrationFilter@36e95b7b, org.springframework.security.web.context.SecurityContextPersistenceFilter@52e5ad71, org.springframework.security.web.header.HeaderWriterFilter@6b61a4b0, org.springframework.security.web.authentication.logout.LogoutFilter@4f96e484, org.springframework.security.web.authentication.www.BasicAuthenticationFilter@60be9fdf, org.springframework.security.web.savedrequest.RequestCacheAwareFilter@1134a934, org.springframework.security.web.servletapi.SecurityContextHolderAwareRequestFilter@70736b19, org.springframework.security.web.authentication.AnonymousAuthenticationFilter@1e5921ec, org.springframework.security.web.session.SessionManagementFilter@3599b7e8, org.springframework.security.web.access.ExceptionTranslationFilter@327ac23, org.springframework.security.web.access.intercept.FilterSecurityInterceptor@39eea4f6]
2019-05-14 17:50:34.466  INFO 15516 --- [main] o.s.s.web.DefaultSecurityFilterChain     : Creating filter chain: org.springframework.security.oauth2.config.annotation.web.configuration.ResourceServerConfiguration$NotOAuthRequestMatcher@402adc9c, [org.springframework.security.web.context.request.async.WebAsyncManagerIntegrationFilter@70313b0b, org.springframework.security.web.context.SecurityContextPersistenceFilter@797c67c, org.springframework.security.web.header.HeaderWriterFilter@3431cb1f, org.springframework.security.web.authentication.logout.LogoutFilter@64faf3d, org.springframework.security.oauth2.provider.authentication.OAuth2AuthenticationProcessingFilter@740530b, org.springframework.security.web.savedrequest.RequestCacheAwareFilter@31ce271c, org.springframework.security.web.servletapi.SecurityContextHolderAwareRequestFilter@b1d7b09, org.springframework.security.web.authentication.AnonymousAuthenticationFilter@5da16ed6, org.springframework.security.web.session.SessionManagementFilter@42c9f2cd, org.springframework.security.web.access.ExceptionTranslationFilter@4d1f6e1c, org.springframework.security.web.access.intercept.FilterSecurityInterceptor@7fecc26f]
2019-05-14 17:50:34.477  INFO 15516 --- [main] o.s.s.web.DefaultSecurityFilterChain     : Creating filter chain: any request, [org.springframework.security.web.context.request.async.WebAsyncManagerIntegrationFilter@56ece9c, org.springframework.security.web.context.SecurityContextPersistenceFilter@2d4aadc, org.springframework.security.web.header.HeaderWriterFilter@4823f4d0, org.springframework.web.filter.CorsFilter@1c4a8c93, org.springframework.security.web.csrf.CsrfFilter@43069adf, org.springframework.security.web.authentication.logout.LogoutFilter@4d408746, org.springframework.security.web.authentication.www.BasicAuthenticationFilter@216c6825, org.springframework.security.web.savedrequest.RequestCacheAwareFilter@773ad729, org.springframework.security.web.servletapi.SecurityContextHolderAwareRequestFilter@20e8286a, org.springframework.security.web.authentication.AnonymousAuthenticationFilter@6d3c80bf, org.springframework.security.web.session.SessionManagementFilter@75f316df, org.springframework.security.web.access.ExceptionTranslationFilter@18edbed9, org.springframework.security.web.access.intercept.FilterSecurityInterceptor@620260ad]
2019-05-14 17:50:35.053  INFO 15516 --- [main] d.s.w.p.DocumentationPluginsBootstrapper : Context refreshed
2019-05-14 17:50:35.073  INFO 15516 --- [main] d.s.w.p.DocumentationPluginsBootstrapper : Found 2 custom documentation plugin(s)
2019-05-14 17:50:35.197  INFO 15516 --- [main] s.d.s.w.s.ApiListingReferenceScanner     : Scanning for api listing references
2019-05-14 17:50:35.452  INFO 15516 --- [main] s.d.s.w.s.ApiListingReferenceScanner     : Scanning for api listing references
2019-05-14 17:50:35.575  INFO 15516 --- [main] o.s.b.w.embedded.tomcat.TomcatWebServer  : Tomcat started on port(s): 9003 (http) with context path ''
2019-05-14 17:50:35.577  INFO 15516 --- [main] com.auth.api.OAuth2LoginApp              : Started OAuth2LoginApp in 16.595 seconds (JVM running for 18.354)
2019-05-14 17:52:52.377  INFO 15516 --- [http-nio-9003-exec-2] o.a.c.c.C.[Tomcat].[localhost].[/]       : Initializing Spring DispatcherServlet 'dispatcherServlet'
2019-05-14 17:52:52.379  INFO 15516 --- [http-nio-9003-exec-2] o.s.web.servlet.DispatcherServlet        : Initializing Servlet 'dispatcherServlet'
2019-05-14 17:52:52.399  INFO 15516 --- [http-nio-9003-exec-2] o.s.web.servlet.DispatcherServlet        : Completed initialization in 19 ms
2019-05-14 17:52:53.121  INFO 15516 --- [http-nio-9003-exec-2] o.h.h.i.QueryTranslatorFactoryInitiator  : HHH000397: Using ASTQueryTranslatorFactory
2019-05-14 17:52:53.656  WARN 15516 --- [http-nio-9003-exec-2] o.s.s.o.provider.endpoint.TokenEndpoint  : Handling error: InvalidScopeException, Empty scope (either the client or the user is not allowed the requested scopes)
2019-05-14 17:55:13.986  WARN 15516 --- [http-nio-9003-exec-7] o.s.s.o.provider.endpoint.TokenEndpoint  : Handling error: InvalidScopeException, Empty scope (either the client or the user is not allowed the requested scopes)
2019-05-14 17:56:45.812  WARN 15516 --- [http-nio-9003-exec-4] o.s.s.o.provider.endpoint.TokenEndpoint  : Handling error: InvalidScopeException, Empty scope (either the client or the user is not allowed the requested scopes)
2019-05-14 17:59:12.313  WARN 15516 --- [http-nio-9003-exec-6] o.s.s.o.provider.endpoint.TokenEndpoint  : Handling error: InvalidScopeException, Empty scope (either the client or the user is not allowed the requested scopes)
2019-05-14 18:02:31.097  WARN 15516 --- [http-nio-9003-exec-8] o.s.s.o.provider.endpoint.TokenEndpoint  : Handling error: InvalidScopeException, Empty scope (either the client or the user is not allowed the requested scopes)
2019-05-14 18:03:54.011  WARN 15516 --- [http-nio-9003-exec-5] o.s.s.o.provider.endpoint.TokenEndpoint  : Handling error: InvalidScopeException, Empty scope (either the client or the user is not allowed the requested scopes)
2019-05-14 18:06:03.552  WARN 15516 --- [http-nio-9003-exec-7] o.s.s.o.provider.endpoint.TokenEndpoint  : Handling error: InvalidScopeException, Empty scope (either the client or the user is not allowed the requested scopes)
2019-05-14 18:06:36.592  INFO 15516 --- [RMI TCP Connection(29)-127.0.0.1] inMXBeanRegistrar$SpringApplicationAdmin : Application shutdown requested.
2019-05-14 18:06:36.605  INFO 15516 --- [RMI TCP Connection(29)-127.0.0.1] j.LocalContainerEntityManagerFactoryBean : Closing JPA EntityManagerFactory for persistence unit 'default'
2019-05-14 18:06:36.612  INFO 15516 --- [RMI TCP Connection(29)-127.0.0.1] com.zaxxer.hikari.HikariDataSource       : HikariPool-1 - Shutdown initiated...
2019-05-14 18:06:36.625  INFO 15516 --- [RMI TCP Connection(29)-127.0.0.1] com.zaxxer.hikari.HikariDataSource       : HikariPool-1 - Shutdown completed.
2019-05-14 18:06:36.770  INFO 15516 --- [RMI TCP Connection(29)-127.0.0.1] o.apache.catalina.core.StandardService   : Stopping service [Tomcat]
2019-05-14 18:06:36.775  INFO 15516 --- [RMI TCP Connection(29)-127.0.0.1] o.a.c.c.C.[Tomcat].[localhost].[/]       : Destroying Spring FrameworkServlet 'dispatcherServlet'
2019-05-14 18:06:44.320  INFO 16244 --- [main] com.auth.api.OAuth2LoginApp              : No active profile set, falling back to default profiles: default
2019-05-14 18:06:45.579  INFO 16244 --- [main] .s.d.r.c.RepositoryConfigurationDelegate : Bootstrapping Spring Data repositories in DEFAULT mode.
2019-05-14 18:06:45.685  INFO 16244 --- [main] .s.d.r.c.RepositoryConfigurationDelegate : Finished Spring Data repository scanning in 97ms. Found 1 repository interfaces.
2019-05-14 18:06:45.950  INFO 16244 --- [main] o.s.cloud.context.scope.GenericScope     : BeanFactory id=e4aca942-4302-34b8-9fdb-c8ff564f1529
2019-05-14 18:06:46.064  INFO 16244 --- [main] trationDelegate$BeanPostProcessorChecker : Bean 'org.springframework.transaction.annotation.ProxyTransactionManagementConfiguration' of type [org.springframework.transaction.annotation.ProxyTransactionManagementConfiguration$$EnhancerBySpringCGLIB$$5dcc36da] is not eligible for getting processed by all BeanPostProcessors (for example: not eligible for auto-proxying)
2019-05-14 18:06:46.098  INFO 16244 --- [main] trationDelegate$BeanPostProcessorChecker : Bean 'org.springframework.security.config.annotation.configuration.ObjectPostProcessorConfiguration' of type [org.springframework.security.config.annotation.configuration.ObjectPostProcessorConfiguration$$EnhancerBySpringCGLIB$$f679ff14] is not eligible for getting processed by all BeanPostProcessors (for example: not eligible for auto-proxying)
2019-05-14 18:06:46.106  INFO 16244 --- [main] trationDelegate$BeanPostProcessorChecker : Bean 'objectPostProcessor' of type [org.springframework.security.config.annotation.configuration.AutowireBeanFactoryObjectPostProcessor] is not eligible for getting processed by all BeanPostProcessors (for example: not eligible for auto-proxying)
2019-05-14 18:06:46.114  INFO 16244 --- [main] trationDelegate$BeanPostProcessorChecker : Bean 'org.springframework.security.access.expression.method.DefaultMethodSecurityExpressionHandler@101a461c' of type [org.springframework.security.oauth2.provider.expression.OAuth2MethodSecurityExpressionHandler] is not eligible for getting processed by all BeanPostProcessors (for example: not eligible for auto-proxying)
2019-05-14 18:06:46.116  INFO 16244 --- [main] trationDelegate$BeanPostProcessorChecker : Bean 'org.springframework.security.config.annotation.method.configuration.GlobalMethodSecurityConfiguration' of type [org.springframework.security.config.annotation.method.configuration.GlobalMethodSecurityConfiguration$$EnhancerBySpringCGLIB$$1b4ea1c6] is not eligible for getting processed by all BeanPostProcessors (for example: not eligible for auto-proxying)
2019-05-14 18:06:46.121  INFO 16244 --- [main] trationDelegate$BeanPostProcessorChecker : Bean 'methodSecurityMetadataSource' of type [org.springframework.security.access.method.DelegatingMethodSecurityMetadataSource] is not eligible for getting processed by all BeanPostProcessors (for example: not eligible for auto-proxying)
2019-05-14 18:06:46.163  INFO 16244 --- [main] trationDelegate$BeanPostProcessorChecker : Bean 'org.springframework.cloud.autoconfigure.ConfigurationPropertiesRebinderAutoConfiguration' of type [org.springframework.cloud.autoconfigure.ConfigurationPropertiesRebinderAutoConfiguration$$EnhancerBySpringCGLIB$$79e639d7] is not eligible for getting processed by all BeanPostProcessors (for example: not eligible for auto-proxying)
2019-05-14 18:06:46.789  INFO 16244 --- [main] o.s.b.w.embedded.tomcat.TomcatWebServer  : Tomcat initialized with port(s): 9003 (http)
2019-05-14 18:06:46.813  INFO 16244 --- [main] o.apache.catalina.core.StandardService   : Starting service [Tomcat]
2019-05-14 18:06:46.813  INFO 16244 --- [main] org.apache.catalina.core.StandardEngine  : Starting Servlet engine: [Apache Tomcat/9.0.17]
2019-05-14 18:06:47.059  INFO 16244 --- [main] o.a.c.c.C.[Tomcat].[localhost].[/]       : Initializing Spring embedded WebApplicationContext
2019-05-14 18:06:47.059  INFO 16244 --- [main] o.s.web.context.ContextLoader            : Root WebApplicationContext: initialization completed in 2729 ms
2019-05-14 18:06:47.764  INFO 16244 --- [main] com.auth.api.config.SwaggerConfig        : Swagger initialization complete!
2019-05-14 18:06:47.903  INFO 16244 --- [main] com.zaxxer.hikari.HikariDataSource       : HikariPool-1 - Starting...
2019-05-14 18:06:48.025  INFO 16244 --- [main] com.zaxxer.hikari.HikariDataSource       : HikariPool-1 - Start completed.
2019-05-14 18:06:48.092  INFO 16244 --- [main] o.hibernate.jpa.internal.util.LogHelper  : HHH000204: Processing PersistenceUnitInfo [
	name: default
	...]
2019-05-14 18:06:48.174  INFO 16244 --- [main] org.hibernate.Version                    : HHH000412: Hibernate Core {5.3.9.Final}
2019-05-14 18:06:48.178  INFO 16244 --- [main] org.hibernate.cfg.Environment            : HHH000206: hibernate.properties not found
2019-05-14 18:06:48.312  INFO 16244 --- [main] o.hibernate.annotations.common.Version   : HCANN000001: Hibernate Commons Annotations {5.0.4.Final}
2019-05-14 18:06:48.479  INFO 16244 --- [main] org.hibernate.dialect.Dialect            : HHH000400: Using dialect: org.hibernate.dialect.MySQL5Dialect
2019-05-14 18:06:49.225  INFO 16244 --- [main] j.LocalContainerEntityManagerFactoryBean : Initialized JPA EntityManagerFactory for persistence unit 'default'
2019-05-14 18:06:50.249  INFO 16244 --- [main] o.s.b.a.e.web.EndpointLinksResolver      : Exposing 2 endpoint(s) beneath base path '/actuator'
2019-05-14 18:06:50.633  INFO 16244 --- [main] pertySourcedRequestMappingHandlerMapping : Mapped URL path [/v2/api-docs] onto method [public org.springframework.http.ResponseEntity<springfox.documentation.spring.web.json.Json> springfox.documentation.swagger2.web.Swagger2Controller.getDocumentation(java.lang.String,javax.servlet.http.HttpServletRequest)]
2019-05-14 18:06:51.136  INFO 16244 --- [main] o.s.s.web.DefaultSecurityFilterChain     : Creating filter chain: OrRequestMatcher [requestMatchers=[Ant [pattern='/oauth/token'], Ant [pattern='/oauth/token_key'], Ant [pattern='/oauth/check_token']]], [org.springframework.security.web.context.request.async.WebAsyncManagerIntegrationFilter@53917c92, org.springframework.security.web.context.SecurityContextPersistenceFilter@240291d9, org.springframework.security.web.header.HeaderWriterFilter@8636cf4, org.springframework.security.web.authentication.logout.LogoutFilter@4e26c308, org.springframework.security.web.authentication.www.BasicAuthenticationFilter@497fd334, org.springframework.security.web.savedrequest.RequestCacheAwareFilter@50a1af86, org.springframework.security.web.servletapi.SecurityContextHolderAwareRequestFilter@75c589f2, org.springframework.security.web.authentication.AnonymousAuthenticationFilter@1fa796a4, org.springframework.security.web.session.SessionManagementFilter@2f2f92f, org.springframework.security.web.access.ExceptionTranslationFilter@61ca5134, org.springframework.security.web.access.intercept.FilterSecurityInterceptor@dcdb883]
2019-05-14 18:06:51.154  INFO 16244 --- [main] o.s.s.web.DefaultSecurityFilterChain     : Creating filter chain: org.springframework.security.oauth2.config.annotation.web.configuration.ResourceServerConfiguration$NotOAuthRequestMatcher@4af44f2a, [org.springframework.security.web.context.request.async.WebAsyncManagerIntegrationFilter@570127fa, org.springframework.security.web.context.SecurityContextPersistenceFilter@5dc120ab, org.springframework.security.web.header.HeaderWriterFilter@238280df, org.springframework.security.web.authentication.logout.LogoutFilter@182dcd2b, org.springframework.security.oauth2.provider.authentication.OAuth2AuthenticationProcessingFilter@314c28dc, org.springframework.security.web.savedrequest.RequestCacheAwareFilter@49c4118b, org.springframework.security.web.servletapi.SecurityContextHolderAwareRequestFilter@7ef7f414, org.springframework.security.web.authentication.AnonymousAuthenticationFilter@5b324447, org.springframework.security.web.session.SessionManagementFilter@182fd26b, org.springframework.security.web.access.ExceptionTranslationFilter@750c23a3, org.springframework.security.web.access.intercept.FilterSecurityInterceptor@4136b193]
2019-05-14 18:06:51.163  INFO 16244 --- [main] o.s.s.web.DefaultSecurityFilterChain     : Creating filter chain: any request, [org.springframework.security.web.context.request.async.WebAsyncManagerIntegrationFilter@66d44581, org.springframework.security.web.context.SecurityContextPersistenceFilter@1adf387e, org.springframework.security.web.header.HeaderWriterFilter@34d5eac, org.springframework.web.filter.CorsFilter@1afa048a, org.springframework.security.web.csrf.CsrfFilter@1b6683c4, org.springframework.security.web.authentication.logout.LogoutFilter@632b96b8, org.springframework.security.web.authentication.www.BasicAuthenticationFilter@a1a72d4, org.springframework.security.web.savedrequest.RequestCacheAwareFilter@72b53f27, org.springframework.security.web.servletapi.SecurityContextHolderAwareRequestFilter@1be4a7e3, org.springframework.security.web.authentication.AnonymousAuthenticationFilter@293ecff6, org.springframework.security.web.session.SessionManagementFilter@2c1a95a2, org.springframework.security.web.access.ExceptionTranslationFilter@7db2b614, org.springframework.security.web.access.intercept.FilterSecurityInterceptor@6d0bcf8c]
2019-05-14 18:06:51.698  INFO 16244 --- [main] d.s.w.p.DocumentationPluginsBootstrapper : Context refreshed
2019-05-14 18:06:51.737  INFO 16244 --- [main] d.s.w.p.DocumentationPluginsBootstrapper : Found 2 custom documentation plugin(s)
2019-05-14 18:06:51.970  INFO 16244 --- [main] s.d.s.w.s.ApiListingReferenceScanner     : Scanning for api listing references
2019-05-14 18:06:52.344  INFO 16244 --- [main] s.d.s.w.s.ApiListingReferenceScanner     : Scanning for api listing references
2019-05-14 18:06:52.442  INFO 16244 --- [main] o.s.b.w.embedded.tomcat.TomcatWebServer  : Tomcat started on port(s): 9003 (http) with context path ''
2019-05-14 18:06:52.445  INFO 16244 --- [main] com.auth.api.OAuth2LoginApp              : Started OAuth2LoginApp in 9.663 seconds (JVM running for 10.796)
2019-05-14 18:07:56.018  INFO 16244 --- [http-nio-9003-exec-1] o.a.c.c.C.[Tomcat].[localhost].[/]       : Initializing Spring DispatcherServlet 'dispatcherServlet'
2019-05-14 18:07:56.020  INFO 16244 --- [http-nio-9003-exec-1] o.s.web.servlet.DispatcherServlet        : Initializing Servlet 'dispatcherServlet'
2019-05-14 18:07:56.035  INFO 16244 --- [http-nio-9003-exec-1] o.s.web.servlet.DispatcherServlet        : Completed initialization in 12 ms
2019-05-14 18:08:25.949  INFO 16244 --- [http-nio-9003-exec-7] o.h.h.i.QueryTranslatorFactoryInitiator  : HHH000397: Using ASTQueryTranslatorFactory
2019-05-14 18:08:26.420  INFO 16244 --- [http-nio-9003-exec-7] com.auth.api.config.CustomTokenEnhancer  : Token enhance() started
